# JRE version: OpenJDK Runtime Environment (11.0.12+7) (build 11.0.12+7-b1504.28-7817840)
# Java VM: OpenJDK 64-Bit Server VM (11.0.12+7-b1504.28-7817840, mixed mode, tiered, compressed oops, g1 gc, windows-amd64)
Heap:
 garbage-first heap   total 458752K, used 249323K [0x0000000080000000, 0x0000000100000000)
  region size 1024K, 12 young (12288K), 12 survivors (12288K)
 Metaspace       used 117781K, capacity 121004K, committed 121208K, reserved 1155072K
  class space    used 14671K, capacity 15930K, committed 15992K, reserved 1048576K
GC Heap History (20 events):
Event: 63.687 GC heap after
{Heap after GC invocations=106 (full 0):
 garbage-first heap   total 390144K, used 213371K [0x0000000080000000, 0x0000000100000000)
  region size 1024K, 18 young (18432K), 18 survivors (18432K)
 Metaspace       used 117665K, capacity 120876K, committed 121208K, reserved 1155072K
  class space    used 14657K, capacity 15910K, committed 15992K, reserved 1048576K
}
Event: 64.259 GC heap before
{Heap before GC invocations=106 (full 0):
 garbage-first heap   total 390144K, used 323963K [0x0000000080000000, 0x0000000100000000)
  region size 1024K, 126 young (129024K), 18 survivors (18432K)
 Metaspace       used 117697K, capacity 120904K, committed 121208K, reserved 1155072K
  class space    used 14663K, capacity 15919K, committed 15992K, reserved 1048576K
}
Event: 64.282 GC heap after
{Heap after GC invocations=107 (full 0):
 garbage-first heap   total 390144K, used 217088K [0x0000000080000000, 0x0000000100000000)
  region size 1024K, 7 young (7168K), 7 survivors (7168K)
 Metaspace       used 117697K, capacity 120904K, committed 121208K, reserved 1155072K
  class space    used 14663K, capacity 15919K, committed 15992K, reserved 1048576K
}
Event: 64.900 GC heap before
{Heap before GC invocations=107 (full 0):
 garbage-first heap   total 390144K, used 325632K [0x0000000080000000, 0x0000000100000000)
  region size 1024K, 114 young (116736K), 7 survivors (7168K)
 Metaspace       used 117697K, capacity 120904K, committed 121208K, reserved 1155072K
  class space    used 14663K, capacity 15919K, committed 15992K, reserved 1048576K
}
Event: 64.913 GC heap after
{Heap after GC invocations=108 (full 0):
 garbage-first heap   total 390144K, used 219961K [0x0000000080000000, 0x0000000100000000)
  region size 1024K, 10 young (10240K), 10 survivors (10240K)
 Metaspace       used 117697K, capacity 120904K, committed 121208K, reserved 1155072K
  class space    used 14663K, capacity 15919K, committed 15992K, reserved 1048576K
}
Event: 65.387 GC heap before
{Heap before GC invocations=108 (full 0):
 garbage-first heap   total 390144K, used 327481K [0x0000000080000000, 0x0000000100000000)
  region size 1024K, 116 young (118784K), 10 survivors (10240K)
 Metaspace       used 117700K, capacity 120904K, committed 121208K, reserved 1155072K
  class space    used 14663K, capacity 15919K, committed 15992K, reserved 1048576K
}
Event: 65.398 GC heap after
{Heap after GC invocations=109 (full 0):
 garbage-first heap   total 390144K, used 219267K [0x0000000080000000, 0x0000000100000000)
  region size 1024K, 4 young (4096K), 4 survivors (4096K)
 Metaspace       used 117700K, capacity 120904K, committed 121208K, reserved 1155072K
  class space    used 14663K, capacity 15919K, committed 15992K, reserved 1048576K
}
Event: 65.977 GC heap before
{Heap before GC invocations=109 (full 0):
 garbage-first heap   total 390144K, used 330883K [0x0000000080000000, 0x0000000100000000)
  region size 1024K, 113 young (115712K), 4 survivors (4096K)
 Metaspace       used 117708K, capacity 120914K, committed 121208K, reserved 1155072K
  class space    used 14665K, capacity 15923K, committed 15992K, reserved 1048576K
}
Event: 65.992 GC heap after
{Heap after GC invocations=110 (full 0):
 garbage-first heap   total 390144K, used 220068K [0x0000000080000000, 0x0000000100000000)
  region size 1024K, 5 young (5120K), 5 survivors (5120K)
 Metaspace       used 117708K, capacity 120914K, committed 121208K, reserved 1155072K
  class space    used 14665K, capacity 15923K, committed 15992K, reserved 1048576K
}
Event: 66.522 GC heap before
{Heap before GC invocations=110 (full 0):
 garbage-first heap   total 390144K, used 332708K [0x0000000080000000, 0x0000000100000000)
  region size 1024K, 115 young (117760K), 5 survivors (5120K)
 Metaspace       used 117715K, capacity 120914K, committed 121208K, reserved 1155072K
  class space    used 14665K, capacity 15923K, committed 15992K, reserved 1048576K
}
Event: 66.531 GC heap after
{Heap after GC invocations=111 (full 0):
 garbage-first heap   total 390144K, used 220039K [0x0000000080000000, 0x0000000100000000)
  region size 1024K, 5 young (5120K), 5 survivors (5120K)
 Metaspace       used 117715K, capacity 120914K, committed 121208K, reserved 1155072K
  class space    used 14665K, capacity 15923K, committed 15992K, reserved 1048576K
}
Event: 67.319 GC heap before
{Heap before GC invocations=111 (full 0):
 garbage-first heap   total 390144K, used 334727K [0x0000000080000000, 0x0000000100000000)
  region size 1024K, 117 young (119808K), 5 survivors (5120K)
 Metaspace       used 117748K, capacity 120997K, committed 121208K, reserved 1155072K
  class space    used 14671K, capacity 15930K, committed 15992K, reserved 1048576K
}
Event: 67.332 GC heap after
{Heap after GC invocations=112 (full 0):
 garbage-first heap   total 390144K, used 225553K [0x0000000080000000, 0x0000000100000000)
  region size 1024K, 10 young (10240K), 10 survivors (10240K)
 Metaspace       used 117748K, capacity 120997K, committed 121208K, reserved 1155072K
  class space    used 14671K, capacity 15930K, committed 15992K, reserved 1048576K
}
Event: 68.647 GC heap before
{Heap before GC invocations=112 (full 0):
 garbage-first heap   total 390144K, used 338193K [0x0000000080000000, 0x0000000100000000)
  region size 1024K, 118 young (120832K), 10 survivors (10240K)
 Metaspace       used 117764K, capacity 121001K, committed 121208K, reserved 1155072K
  class space    used 14671K, capacity 15930K, committed 15992K, reserved 1048576K
}
Event: 68.661 GC heap after
{Heap after GC invocations=113 (full 0):
 garbage-first heap   total 390144K, used 221798K [0x0000000080000000, 0x0000000100000000)
  region size 1024K, 5 young (5120K), 5 survivors (5120K)
 Metaspace       used 117764K, capacity 121001K, committed 121208K, reserved 1155072K
  class space    used 14671K, capacity 15930K, committed 15992K, reserved 1048576K
}
Event: 69.294 GC heap before
{Heap before GC invocations=113 (full 0):
 garbage-first heap   total 390144K, used 335462K [0x0000000080000000, 0x0000000100000000)
  region size 1024K, 117 young (119808K), 5 survivors (5120K)
 Metaspace       used 117770K, capacity 121001K, committed 121208K, reserved 1155072K
  class space    used 14671K, capacity 15930K, committed 15992K, reserved 1048576K
}
Event: 69.317 GC heap after
{Heap after GC invocations=114 (full 0):
 garbage-first heap   total 390144K, used 230367K [0x0000000080000000, 0x0000000100000000)
  region size 1024K, 13 young (13312K), 13 survivors (13312K)
 Metaspace       used 117770K, capacity 121001K, committed 121208K, reserved 1155072K
  class space    used 14671K, capacity 15930K, committed 15992K, reserved 1048576K
}
Event: 69.661 GC heap before
{Heap before GC invocations=114 (full 0):
 garbage-first heap   total 390144K, used 334815K [0x0000000080000000, 0x0000000100000000)
  region size 1024K, 114 young (116736K), 13 survivors (13312K)
 Metaspace       used 117771K, capacity 121001K, committed 121208K, reserved 1155072K
  class space    used 14671K, capacity 15930K, committed 15992K, reserved 1048576K
}
Event: 69.685 GC heap after
{Heap after GC invocations=115 (full 0):
 garbage-first heap   total 390144K, used 238038K [0x0000000080000000, 0x0000000100000000)
  region size 1024K, 12 young (12288K), 12 survivors (12288K)
 Metaspace       used 117771K, capacity 121001K, committed 121208K, reserved 1155072K
  class space    used 14671K, capacity 15930K, committed 15992K, reserved 1048576K
}
Event: 69.978 GC heap before
{Heap before GC invocations=115 (full 0):
 garbage-first heap   total 390144K, used 329174K [0x0000000080000000, 0x0000000100000000)
  region size 1024K, 102 young (104448K), 12 survivors (12288K)
 Metaspace       used 117781K, capacity 121004K, committed 121208K, reserved 1155072K
  class space    used 14671K, capacity 15930K, committed 15992K, reserved 1048576K
}

