# JRE version: OpenJDK Runtime Environment (11.0.15) (build 11.0.15+0-b2043.56-9505619)
# Java VM: OpenJDK 64-Bit Server VM (11.0.15+0-b2043.56-9505619, mixed mode, tiered, compressed oops, g1 gc, windows-amd64)
Heap:
 garbage-first heap   total 205824K, used 60387K [0x0000000080000000, 0x0000000100000000)
  region size 1024K, 2 young (2048K), 2 survivors (2048K)
 Metaspace       used 42763K, capacity 43868K, committed 44032K, reserved 1087488K
  class space    used 5425K, capacity 5843K, committed 5888K, reserved 1048576K
GC Heap History (20 events):
Event: 12.069 GC heap after
{Heap after GC invocations=24 (full 0):
 garbage-first heap   total 61440K, used 52911K [0x0000000080000000, 0x0000000100000000)
  region size 1024K, 1 young (1024K), 1 survivors (1024K)
 Metaspace       used 28768K, capacity 29596K, committed 29696K, reserved 1075200K
  class space    used 3750K, capacity 4030K, committed 4096K, reserved 1048576K
}
Event: 12.091 GC heap before
{Heap before GC invocations=24 (full 0):
 garbage-first heap   total 61440K, used 54959K [0x0000000080000000, 0x0000000100000000)
  region size 1024K, 3 young (3072K), 1 survivors (1024K)
 Metaspace       used 28873K, capacity 29695K, committed 29952K, reserved 1075200K
  class space    used 3768K, capacity 4063K, committed 4096K, reserved 1048576K
}
Event: 12.093 GC heap after
{Heap after GC invocations=25 (full 0):
 garbage-first heap   total 61440K, used 52959K [0x0000000080000000, 0x0000000100000000)
  region size 1024K, 1 young (1024K), 1 survivors (1024K)
 Metaspace       used 28873K, capacity 29695K, committed 29952K, reserved 1075200K
  class space    used 3768K, capacity 4063K, committed 4096K, reserved 1048576K
}
Event: 12.139 GC heap before
{Heap before GC invocations=26 (full 0):
 garbage-first heap   total 61440K, used 55007K [0x0000000080000000, 0x0000000100000000)
  region size 1024K, 3 young (3072K), 1 survivors (1024K)
 Metaspace       used 29056K, capacity 29863K, committed 30080K, reserved 1075200K
  class space    used 3800K, capacity 4098K, committed 4224K, reserved 1048576K
}
Event: 12.142 GC heap after
{Heap after GC invocations=27 (full 0):
 garbage-first heap   total 75776K, used 53027K [0x0000000080000000, 0x0000000100000000)
  region size 1024K, 1 young (1024K), 1 survivors (1024K)
 Metaspace       used 29056K, capacity 29863K, committed 30080K, reserved 1075200K
  class space    used 3800K, capacity 4098K, committed 4224K, reserved 1048576K
}
Event: 12.311 GC heap before
{Heap before GC invocations=27 (full 0):
 garbage-first heap   total 75776K, used 61219K [0x0000000080000000, 0x0000000100000000)
  region size 1024K, 9 young (9216K), 1 survivors (1024K)
 Metaspace       used 29586K, capacity 30385K, committed 30592K, reserved 1075200K
  class space    used 3883K, capacity 4189K, committed 4224K, reserved 1048576K
}
Event: 12.313 GC heap after
{Heap after GC invocations=28 (full 0):
 garbage-first heap   total 75776K, used 53237K [0x0000000080000000, 0x0000000100000000)
  region size 1024K, 1 young (1024K), 1 survivors (1024K)
 Metaspace       used 29586K, capacity 30385K, committed 30592K, reserved 1075200K
  class space    used 3883K, capacity 4189K, committed 4224K, reserved 1048576K
}
Event: 12.514 GC heap before
{Heap before GC invocations=29 (full 0):
 garbage-first heap   total 75776K, used 61429K [0x0000000080000000, 0x0000000100000000)
  region size 1024K, 9 young (9216K), 1 survivors (1024K)
 Metaspace       used 30592K, capacity 31461K, committed 31616K, reserved 1077248K
  class space    used 4028K, capacity 4356K, committed 4480K, reserved 1048576K
}
Event: 12.517 GC heap after
{Heap after GC invocations=30 (full 0):
 garbage-first heap   total 75776K, used 53541K [0x0000000080000000, 0x0000000100000000)
  region size 1024K, 1 young (1024K), 1 survivors (1024K)
 Metaspace       used 30592K, capacity 31461K, committed 31616K, reserved 1077248K
  class space    used 4028K, capacity 4356K, committed 4480K, reserved 1048576K
}
Event: 12.609 GC heap before
{Heap before GC invocations=30 (full 0):
 garbage-first heap   total 75776K, used 61733K [0x0000000080000000, 0x0000000100000000)
  region size 1024K, 9 young (9216K), 1 survivors (1024K)
 Metaspace       used 31212K, capacity 32006K, committed 32128K, reserved 1077248K
  class space    used 4143K, capacity 4430K, committed 4480K, reserved 1048576K
}
Event: 12.612 GC heap after
{Heap after GC invocations=31 (full 0):
 garbage-first heap   total 75776K, used 53773K [0x0000000080000000, 0x0000000100000000)
  region size 1024K, 2 young (2048K), 2 survivors (2048K)
 Metaspace       used 31212K, capacity 32006K, committed 32128K, reserved 1077248K
  class space    used 4143K, capacity 4430K, committed 4480K, reserved 1048576K
}
Event: 12.734 GC heap before
{Heap before GC invocations=32 (full 0):
 garbage-first heap   total 75776K, used 61965K [0x0000000080000000, 0x0000000100000000)
  region size 1024K, 10 young (10240K), 2 survivors (2048K)
 Metaspace       used 32071K, capacity 32909K, committed 33024K, reserved 1077248K
  class space    used 4277K, capacity 4604K, committed 4608K, reserved 1048576K
}
Event: 12.746 GC heap after
{Heap after GC invocations=33 (full 0):
 garbage-first heap   total 112640K, used 53960K [0x0000000080000000, 0x0000000100000000)
  region size 1024K, 2 young (2048K), 2 survivors (2048K)
 Metaspace       used 32071K, capacity 32909K, committed 33024K, reserved 1077248K
  class space    used 4277K, capacity 4604K, committed 4608K, reserved 1048576K
}
Event: 13.406 GC heap before
{Heap before GC invocations=33 (full 0):
 garbage-first heap   total 112640K, used 77512K [0x0000000080000000, 0x0000000100000000)
  region size 1024K, 26 young (26624K), 2 survivors (2048K)
 Metaspace       used 38380K, capacity 39412K, committed 39680K, reserved 1083392K
  class space    used 4955K, capacity 5345K, committed 5376K, reserved 1048576K
}
Event: 13.418 GC heap after
{Heap after GC invocations=34 (full 0):
 garbage-first heap   total 112640K, used 56634K [0x0000000080000000, 0x0000000100000000)
  region size 1024K, 4 young (4096K), 4 survivors (4096K)
 Metaspace       used 38380K, capacity 39412K, committed 39680K, reserved 1083392K
  class space    used 4955K, capacity 5345K, committed 5376K, reserved 1048576K
}
Event: 13.645 GC heap before
{Heap before GC invocations=35 (full 0):
 garbage-first heap   total 112640K, used 82234K [0x0000000080000000, 0x0000000100000000)
  region size 1024K, 29 young (29696K), 4 survivors (4096K)
 Metaspace       used 39313K, capacity 40447K, committed 40576K, reserved 1085440K
  class space    used 5033K, capacity 5430K, committed 5504K, reserved 1048576K
}
Event: 13.653 GC heap after
{Heap after GC invocations=36 (full 0):
 garbage-first heap   total 112640K, used 59031K [0x0000000080000000, 0x0000000100000000)
  region size 1024K, 3 young (3072K), 3 survivors (3072K)
 Metaspace       used 39313K, capacity 40447K, committed 40576K, reserved 1085440K
  class space    used 5033K, capacity 5430K, committed 5504K, reserved 1048576K
}
Event: 13.722 GC heap before
{Heap before GC invocations=36 (full 0):
 garbage-first heap   total 112640K, used 64151K [0x0000000080000000, 0x0000000100000000)
  region size 1024K, 9 young (9216K), 3 survivors (3072K)
 Metaspace       used 39724K, capacity 40814K, committed 41088K, reserved 1085440K
  class space    used 5079K, capacity 5466K, committed 5504K, reserved 1048576K
}
Event: 13.725 GC heap after
{Heap after GC invocations=37 (full 0):
 garbage-first heap   total 112640K, used 59874K [0x0000000080000000, 0x0000000100000000)
  region size 1024K, 2 young (2048K), 2 survivors (2048K)
 Metaspace       used 39724K, capacity 40814K, committed 41088K, reserved 1085440K
  class space    used 5079K, capacity 5466K, committed 5504K, reserved 1048576K
}
Event: 14.281 GC heap before
{Heap before GC invocations=38 (full 0):
 garbage-first heap   total 112640K, used 87522K [0x0000000080000000, 0x0000000100000000)
  region size 1024K, 27 young (27648K), 2 survivors (2048K)
 Metaspace       used 42763K, capacity 43868K, committed 44032K, reserved 1087488K
  class space    used 5425K, capacity 5843K, committed 5888K, reserved 1048576K
}

