# JRE version: OpenJDK Runtime Environment (11.0.12+7) (build 11.0.12+7-b1504.28-7817840)
# Java VM: OpenJDK 64-Bit Server VM (11.0.12+7-b1504.28-7817840, mixed mode, tiered, compressed oops, g1 gc, windows-amd64)
Heap:
 garbage-first heap   total 766976K, used 220885K [0x0000000080000000, 0x0000000100000000)
  region size 1024K, 5 young (5120K), 5 survivors (5120K)
 Metaspace       used 134752K, capacity 138345K, committed 138700K, reserved 1169408K
  class space    used 16726K, capacity 18015K, committed 18124K, reserved 1048576K
GC Heap History (20 events):
Event: 128.567 GC heap after
{Heap after GC invocations=83 (full 0):
 garbage-first heap   total 247808K, used 151429K [0x0000000080000000, 0x0000000100000000)
  region size 1024K, 1 young (1024K), 1 survivors (1024K)
 Metaspace       used 126152K, capacity 129205K, committed 129356K, reserved 1161216K
  class space    used 15500K, capacity 16598K, committed 16716K, reserved 1048576K
}
Event: 128.605 GC heap before
{Heap before GC invocations=83 (full 0):
 garbage-first heap   total 247808K, used 159621K [0x0000000080000000, 0x0000000100000000)
  region size 1024K, 8 young (8192K), 1 survivors (1024K)
 Metaspace       used 126320K, capacity 129378K, committed 129612K, reserved 1163264K
  class space    used 15519K, capacity 16634K, committed 16716K, reserved 1048576K
}
Event: 128.609 GC heap after
{Heap after GC invocations=84 (full 0):
 garbage-first heap   total 247808K, used 154717K [0x0000000080000000, 0x0000000100000000)
  region size 1024K, 2 young (2048K), 2 survivors (2048K)
 Metaspace       used 126320K, capacity 129378K, committed 129612K, reserved 1163264K
  class space    used 15519K, capacity 16634K, committed 16716K, reserved 1048576K
}
Event: 129.461 GC heap before
{Heap before GC invocations=85 (full 0):
 garbage-first heap   total 247808K, used 207965K [0x0000000080000000, 0x0000000100000000)
  region size 1024K, 45 young (46080K), 2 survivors (2048K)
 Metaspace       used 127643K, capacity 130845K, committed 131020K, reserved 1163264K
  class space    used 15695K, capacity 16837K, committed 16844K, reserved 1048576K
}
Event: 129.575 GC heap after
{Heap after GC invocations=86 (full 0):
 garbage-first heap   total 247808K, used 166614K [0x0000000080000000, 0x0000000100000000)
  region size 1024K, 6 young (6144K), 6 survivors (6144K)
 Metaspace       used 127643K, capacity 130845K, committed 131020K, reserved 1163264K
  class space    used 15695K, capacity 16837K, committed 16844K, reserved 1048576K
}
Event: 130.786 GC heap before
{Heap before GC invocations=86 (full 0):
 garbage-first heap   total 247808K, used 201430K [0x0000000080000000, 0x0000000100000000)
  region size 1024K, 41 young (41984K), 6 survivors (6144K)
 Metaspace       used 130155K, capacity 133395K, committed 133580K, reserved 1165312K
  class space    used 16164K, capacity 17327K, committed 17356K, reserved 1048576K
}
Event: 130.866 GC heap after
{Heap after GC invocations=87 (full 0):
 garbage-first heap   total 393216K, used 179822K [0x0000000080000000, 0x0000000100000000)
  region size 1024K, 6 young (6144K), 6 survivors (6144K)
 Metaspace       used 130155K, capacity 133395K, committed 133580K, reserved 1165312K
  class space    used 16164K, capacity 17327K, committed 17356K, reserved 1048576K
}
Event: 131.591 GC heap before
{Heap before GC invocations=87 (full 0):
 garbage-first heap   total 393216K, used 215662K [0x0000000080000000, 0x0000000100000000)
  region size 1024K, 41 young (41984K), 6 survivors (6144K)
 Metaspace       used 130220K, capacity 133464K, committed 133580K, reserved 1165312K
  class space    used 16165K, capacity 17327K, committed 17356K, reserved 1048576K
}
Event: 131.874 GC heap after
{Heap after GC invocations=88 (full 0):
 garbage-first heap   total 393216K, used 198509K [0x0000000080000000, 0x0000000100000000)
  region size 1024K, 6 young (6144K), 6 survivors (6144K)
 Metaspace       used 130220K, capacity 133464K, committed 133580K, reserved 1165312K
  class space    used 16165K, capacity 17327K, committed 17356K, reserved 1048576K
}
Event: 132.915 GC heap before
{Heap before GC invocations=89 (full 0):
 garbage-first heap   total 393216K, used 211821K [0x0000000080000000, 0x0000000100000000)
  region size 1024K, 19 young (19456K), 6 survivors (6144K)
 Metaspace       used 132118K, capacity 135434K, committed 135756K, reserved 1167360K
  class space    used 16424K, capacity 17619K, committed 17740K, reserved 1048576K
}
Event: 132.936 GC heap after
{Heap after GC invocations=90 (full 0):
 garbage-first heap   total 393216K, used 202752K [0x0000000080000000, 0x0000000100000000)
  region size 1024K, 3 young (3072K), 3 survivors (3072K)
 Metaspace       used 132118K, capacity 135434K, committed 135756K, reserved 1167360K
  class space    used 16424K, capacity 17619K, committed 17740K, reserved 1048576K
}
Event: 133.486 GC heap before
{Heap before GC invocations=90 (full 0):
 garbage-first heap   total 393216K, used 231424K [0x0000000080000000, 0x0000000100000000)
  region size 1024K, 31 young (31744K), 3 survivors (3072K)
 Metaspace       used 133136K, capacity 136659K, committed 136908K, reserved 1169408K
  class space    used 16577K, capacity 17851K, committed 17868K, reserved 1048576K
}
Event: 133.503 GC heap after
{Heap after GC invocations=91 (full 0):
 garbage-first heap   total 393216K, used 206610K [0x0000000080000000, 0x0000000100000000)
  region size 1024K, 4 young (4096K), 4 survivors (4096K)
 Metaspace       used 133136K, capacity 136659K, committed 136908K, reserved 1169408K
  class space    used 16577K, capacity 17851K, committed 17868K, reserved 1048576K
}
Event: 134.219 GC heap before
{Heap before GC invocations=91 (full 0):
 garbage-first heap   total 393216K, used 243474K [0x0000000080000000, 0x0000000100000000)
  region size 1024K, 39 young (39936K), 4 survivors (4096K)
 Metaspace       used 133613K, capacity 137098K, committed 137292K, reserved 1169408K
  class space    used 16622K, capacity 17882K, committed 17996K, reserved 1048576K
}
Event: 134.239 GC heap after
{Heap after GC invocations=92 (full 0):
 garbage-first heap   total 393216K, used 211564K [0x0000000080000000, 0x0000000100000000)
  region size 1024K, 3 young (3072K), 3 survivors (3072K)
 Metaspace       used 133613K, capacity 137098K, committed 137292K, reserved 1169408K
  class space    used 16622K, capacity 17882K, committed 17996K, reserved 1048576K
}
Event: 135.559 GC heap before
{Heap before GC invocations=92 (full 0):
 garbage-first heap   total 393216K, used 261740K [0x0000000080000000, 0x0000000100000000)
  region size 1024K, 50 young (51200K), 3 survivors (3072K)
 Metaspace       used 134055K, capacity 137577K, committed 137804K, reserved 1169408K
  class space    used 16670K, capacity 17952K, committed 17996K, reserved 1048576K
}
Event: 135.572 GC heap after
{Heap after GC invocations=93 (full 0):
 garbage-first heap   total 393216K, used 217980K [0x0000000080000000, 0x0000000100000000)
  region size 1024K, 7 young (7168K), 7 survivors (7168K)
 Metaspace       used 134055K, capacity 137577K, committed 137804K, reserved 1169408K
  class space    used 16670K, capacity 17952K, committed 17996K, reserved 1048576K
}
Event: 135.776 GC heap before
{Heap before GC invocations=93 (full 0):
 garbage-first heap   total 393216K, used 255868K [0x0000000080000000, 0x0000000100000000)
  region size 1024K, 44 young (45056K), 7 survivors (7168K)
 Metaspace       used 134165K, capacity 137696K, committed 137932K, reserved 1169408K
  class space    used 16684K, capacity 17990K, committed 18124K, reserved 1048576K
}
Event: 135.814 GC heap after
{Heap after GC invocations=94 (full 0):
 garbage-first heap   total 393216K, used 227570K [0x0000000080000000, 0x0000000100000000)
  region size 1024K, 7 young (7168K), 7 survivors (7168K)
 Metaspace       used 134165K, capacity 137696K, committed 137932K, reserved 1169408K
  class space    used 16684K, capacity 17990K, committed 18124K, reserved 1048576K
}
Event: 138.149 GC heap before
{Heap before GC invocations=95 (full 0):
 garbage-first heap   total 393216K, used 291058K [0x0000000080000000, 0x0000000100000000)
  region size 1024K, 70 young (71680K), 7 survivors (7168K)
 Metaspace       used 134752K, capacity 138345K, committed 138700K, reserved 1169408K
  class space    used 16726K, capacity 18015K, committed 18124K, reserved 1048576K
}

