# JRE version: OpenJDK Runtime Environment (11.0.15) (build 11.0.15+0-b2043.56-9505619)
# Java VM: OpenJDK 64-Bit Server VM (11.0.15+0-b2043.56-9505619, mixed mode, tiered, compressed oops, g1 gc, windows-amd64)
Heap:
 garbage-first heap   total 169984K, used 96023K [0x0000000080000000, 0x0000000100000000)
  region size 1024K, 14 young (14336K), 5 survivors (5120K)
 Metaspace       used 45887K, capacity 47233K, committed 47408K, reserved 1091584K
  class space    used 5752K, capacity 6192K, committed 6272K, reserved 1048576K
GC Heap History (20 events):
Event: 6.134 GC heap before
{Heap before GC invocations=24 (full 0):
 garbage-first heap   total 89088K, used 69662K [0x0000000080000000, 0x0000000100000000)
  region size 1024K, 14 young (14336K), 2 survivors (2048K)
 Metaspace       used 39174K, capacity 40299K, committed 40496K, reserved 1085440K
  class space    used 5030K, capacity 5429K, committed 5504K, reserved 1048576K
}
Event: 6.148 GC heap after
{Heap after GC invocations=25 (full 0):
 garbage-first heap   total 89088K, used 59131K [0x0000000080000000, 0x0000000100000000)
  region size 1024K, 2 young (2048K), 2 survivors (2048K)
 Metaspace       used 39174K, capacity 40299K, committed 40496K, reserved 1085440K
  class space    used 5030K, capacity 5429K, committed 5504K, reserved 1048576K
}
Event: 6.215 GC heap before
{Heap before GC invocations=26 (full 0):
 garbage-first heap   total 89088K, used 70395K [0x0000000080000000, 0x0000000100000000)
  region size 1024K, 13 young (13312K), 2 survivors (2048K)
 Metaspace       used 39194K, capacity 40307K, committed 40496K, reserved 1085440K
  class space    used 5030K, capacity 5429K, committed 5504K, reserved 1048576K
}
Event: 6.219 GC heap after
{Heap after GC invocations=27 (full 0):
 garbage-first heap   total 89088K, used 59924K [0x0000000080000000, 0x0000000100000000)
  region size 1024K, 2 young (2048K), 2 survivors (2048K)
 Metaspace       used 39194K, capacity 40307K, committed 40496K, reserved 1085440K
  class space    used 5030K, capacity 5429K, committed 5504K, reserved 1048576K
}
Event: 6.351 GC heap before
{Heap before GC invocations=27 (full 0):
 garbage-first heap   total 89088K, used 68116K [0x0000000080000000, 0x0000000100000000)
  region size 1024K, 12 young (12288K), 2 survivors (2048K)
 Metaspace       used 39696K, capacity 40806K, committed 41008K, reserved 1085440K
  class space    used 5083K, capacity 5466K, committed 5504K, reserved 1048576K
}
Event: 6.356 GC heap after
{Heap after GC invocations=28 (full 0):
 garbage-first heap   total 132096K, used 61533K [0x0000000080000000, 0x0000000100000000)
  region size 1024K, 2 young (2048K), 2 survivors (2048K)
 Metaspace       used 39696K, capacity 40806K, committed 41008K, reserved 1085440K
  class space    used 5083K, capacity 5466K, committed 5504K, reserved 1048576K
}
Event: 6.913 GC heap before
{Heap before GC invocations=29 (full 0):
 garbage-first heap   total 132096K, used 92253K [0x0000000080000000, 0x0000000100000000)
  region size 1024K, 29 young (29696K), 2 survivors (2048K)
 Metaspace       used 42972K, capacity 44128K, committed 44208K, reserved 1087488K
  class space    used 5458K, capacity 5848K, committed 5888K, reserved 1048576K
}
Event: 6.921 GC heap after
{Heap after GC invocations=30 (full 0):
 garbage-first heap   total 132096K, used 62180K [0x0000000080000000, 0x0000000100000000)
  region size 1024K, 3 young (3072K), 3 survivors (3072K)
 Metaspace       used 42972K, capacity 44128K, committed 44208K, reserved 1087488K
  class space    used 5458K, capacity 5848K, committed 5888K, reserved 1048576K
}
Event: 7.209 GC heap before
{Heap before GC invocations=30 (full 0):
 garbage-first heap   total 132096K, used 76516K [0x0000000080000000, 0x0000000100000000)
  region size 1024K, 19 young (19456K), 3 survivors (3072K)
 Metaspace       used 44000K, capacity 45201K, committed 45488K, reserved 1089536K
  class space    used 5606K, capacity 6029K, committed 6144K, reserved 1048576K
}
Event: 7.216 GC heap after
{Heap after GC invocations=31 (full 0):
 garbage-first heap   total 132096K, used 63445K [0x0000000080000000, 0x0000000100000000)
  region size 1024K, 3 young (3072K), 3 survivors (3072K)
 Metaspace       used 44000K, capacity 45201K, committed 45488K, reserved 1089536K
  class space    used 5606K, capacity 6029K, committed 6144K, reserved 1048576K
}
Event: 7.316 GC heap before
{Heap before GC invocations=32 (full 0):
 garbage-first heap   total 132096K, used 73685K [0x0000000080000000, 0x0000000100000000)
  region size 1024K, 4 young (4096K), 3 survivors (3072K)
 Metaspace       used 44000K, capacity 45201K, committed 45488K, reserved 1089536K
  class space    used 5606K, capacity 6029K, committed 6144K, reserved 1048576K
}
Event: 7.321 GC heap after
{Heap after GC invocations=33 (full 0):
 garbage-first heap   total 132096K, used 73766K [0x0000000080000000, 0x0000000100000000)
  region size 1024K, 3 young (3072K), 3 survivors (3072K)
 Metaspace       used 44000K, capacity 45201K, committed 45488K, reserved 1089536K
  class space    used 5606K, capacity 6029K, committed 6144K, reserved 1048576K
}
Event: 7.479 GC heap before
{Heap before GC invocations=34 (full 0):
 garbage-first heap   total 132096K, used 75814K [0x0000000080000000, 0x0000000100000000)
  region size 1024K, 4 young (4096K), 3 survivors (3072K)
 Metaspace       used 44000K, capacity 45201K, committed 45488K, reserved 1089536K
  class space    used 5606K, capacity 6029K, committed 6144K, reserved 1048576K
}
Event: 7.486 GC heap after
{Heap after GC invocations=35 (full 0):
 garbage-first heap   total 169984K, used 76039K [0x0000000080000000, 0x0000000100000000)
  region size 1024K, 2 young (2048K), 2 survivors (2048K)
 Metaspace       used 44000K, capacity 45201K, committed 45488K, reserved 1089536K
  class space    used 5606K, capacity 6029K, committed 6144K, reserved 1048576K
}
Event: 7.574 GC heap before
{Heap before GC invocations=36 (full 0):
 garbage-first heap   total 169984K, used 79111K [0x0000000080000000, 0x0000000100000000)
  region size 1024K, 3 young (3072K), 2 survivors (2048K)
 Metaspace       used 44000K, capacity 45201K, committed 45488K, reserved 1089536K
  class space    used 5606K, capacity 6029K, committed 6144K, reserved 1048576K
}
Event: 7.579 GC heap after
{Heap after GC invocations=37 (full 0):
 garbage-first heap   total 169984K, used 79614K [0x0000000080000000, 0x0000000100000000)
  region size 1024K, 3 young (3072K), 3 survivors (3072K)
 Metaspace       used 44000K, capacity 45201K, committed 45488K, reserved 1089536K
  class space    used 5606K, capacity 6029K, committed 6144K, reserved 1048576K
}
Event: 7.670 GC heap before
{Heap before GC invocations=38 (full 0):
 garbage-first heap   total 169984K, used 81662K [0x0000000080000000, 0x0000000100000000)
  region size 1024K, 4 young (4096K), 3 survivors (3072K)
 Metaspace       used 44000K, capacity 45201K, committed 45488K, reserved 1089536K
  class space    used 5606K, capacity 6029K, committed 6144K, reserved 1048576K
}
Event: 7.675 GC heap after
{Heap after GC invocations=39 (full 0):
 garbage-first heap   total 169984K, used 81707K [0x0000000080000000, 0x0000000100000000)
  region size 1024K, 3 young (3072K), 3 survivors (3072K)
 Metaspace       used 44000K, capacity 45201K, committed 45488K, reserved 1089536K
  class space    used 5606K, capacity 6029K, committed 6144K, reserved 1048576K
}
Event: 7.969 GC heap before
{Heap before GC invocations=40 (full 0):
 garbage-first heap   total 169984K, used 97067K [0x0000000080000000, 0x0000000100000000)
  region size 1024K, 17 young (17408K), 3 survivors (3072K)
 Metaspace       used 44570K, capacity 45921K, committed 46128K, reserved 1089536K
  class space    used 5680K, capacity 6160K, committed 6272K, reserved 1048576K
}
Event: 7.976 GC heap after
{Heap after GC invocations=41 (full 0):
 garbage-first heap   total 169984K, used 86807K [0x0000000080000000, 0x0000000100000000)
  region size 1024K, 5 young (5120K), 5 survivors (5120K)
 Metaspace       used 44570K, capacity 45921K, committed 46128K, reserved 1089536K
  class space    used 5680K, capacity 6160K, committed 6272K, reserved 1048576K
}

